#-----------------------------------------------------------
# Vivado v2018.1 (64-bit)
# SW Build 2188600 on Wed Apr  4 18:40:38 MDT 2018
# IP Build 2185939 on Wed Apr  4 20:55:05 MDT 2018
# Start of session at: Tue Jul 30 13:32:02 2024
# Process ID: 20084
# Current directory: C:/Users/ashol/OneDrive/Documents/ELEC 4200/Practice/Madness
# Command line: vivado.exe -gui_launcher_event rodinguilauncherevent21780 C:\Users\ashol\OneDrive\Documents\ELEC 4200\Practice\Madness\Madness.xpr
# Log file: C:/Users/ashol/OneDrive/Documents/ELEC 4200/Practice/Madness/vivado.log
# Journal file: C:/Users/ashol/OneDrive/Documents/ELEC 4200/Practice/Madness\vivado.jou
#-----------------------------------------------------------
start_gui
open_project {C:/Users/ashol/OneDrive/Documents/ELEC 4200/Practice/Madness/Madness.xpr}
Scanning sources...
Finished scanning sources
INFO: [IP_Flow 19-234] Refreshing IP repositories
INFO: [IP_Flow 19-1704] No user IP repositories specified
INFO: [IP_Flow 19-2313] Loaded Vivado IP repository 'C:/Xilinx/Vivado/2018.1/data/ip'.
open_project: Time (s): cpu = 00:00:13 ; elapsed = 00:00:15 . Memory (MB): peak = 844.914 ; gain = 139.637
update_compile_order -fileset sources_1
